<?xml version="1.0" encoding="UTF-8"?>
<!-- Generated by org.testng.reporters.JUnitXMLReporter -->
<testsuite hostname="LAPTOP-D7J6ESPP" ignored="0" name="CreateLead" tests="2" failures="0" timestamp="2019-10-06T13:40:23 IST" time="40.182" errors="0">
  <testcase name="tC001_CreateLead" time="12.895" classname="com.leafBot.testcases.CreateLeadTestCase"/>
  <testcase name="tC001_CreateLead" time="11.764" classname="com.leafBot.testcases.CreateLeadTestCase"/>
</testsuite> <!-- CreateLead -->
