<?xml version="1.0" encoding="UTF-8"?>
<!-- Generated by org.testng.reporters.JUnitXMLReporter -->
<testsuite hostname="LAPTOP-D7J6ESPP" ignored="0" name="DeleteLead" tests="2" failures="0" timestamp="2019-10-06T13:41:09 IST" time="45.651" errors="0">
  <testcase name="tC003_DeleteLeadTestCase" time="16.521" classname="com.leafBot.testcases.DeleteLeadTestCase"/>
  <testcase name="tC003_DeleteLeadTestCase" time="17.49" classname="com.leafBot.testcases.DeleteLeadTestCase"/>
</testsuite> <!-- DeleteLead -->
